<?xml version="1.0" encoding="UTF-8"?>
<!-- Generated by org.testng.reporters.JUnitReportReporter -->
<testsuite skipped="0" hostname="Gangotri" name="testClasses.BuyShareMarketOrder" tests="1" failures="0" timestamp="23 Jul 2022 09:44:51 GMT" time="43.591" errors="0">
  <testcase name="ShareBuy" time="43.591" classname="testClasses.BuyShareMarketOrder"/>
</testsuite> <!-- testClasses.BuyShareMarketOrder -->
