<?xml version="1.0" encoding="UTF-8"?>
<!-- Generated by org.testng.reporters.JUnitReportReporter -->
<testsuite skipped="0" hostname="Gangotri" name="testClasses.BuyShareStopLossPrice" tests="1" failures="0" timestamp="23 Jul 2022 10:06:40 GMT" time="46.933" errors="0">
  <testcase name="ShareBuy" time="46.933" classname="testClasses.BuyShareStopLossPrice"/>
</testsuite> <!-- testClasses.BuyShareStopLossPrice -->
