<?xml version="1.0" encoding="UTF-8"?>
<!-- Generated by org.testng.reporters.JUnitReportReporter -->
<testsuite skipped="0" hostname="Gangotri" name="testClasses.SellShareLimitPrice" tests="1" failures="0" timestamp="23 Jul 2022 14:29:05 GMT" time="47.488" errors="0">
  <testcase name="ShareBuy" time="47.488" classname="testClasses.SellShareLimitPrice"/>
</testsuite> <!-- testClasses.SellShareLimitPrice -->
