<?xml version="1.0" encoding="UTF-8"?>
<!-- Generated by org.testng.reporters.JUnitReportReporter -->
<testsuite skipped="0" hostname="Gangotri" name="testClasses.SellShareStopLossMarketPrice" tests="1" failures="0" timestamp="23 Jul 2022 14:48:46 GMT" time="41.409" errors="0">
  <testcase name="ShareBuy" time="41.409" classname="testClasses.SellShareStopLossMarketPrice"/>
</testsuite> <!-- testClasses.SellShareStopLossMarketPrice -->
