<?xml version="1.0" encoding="UTF-8"?>
<!-- Generated by org.testng.reporters.JUnitReportReporter -->
<testsuite skipped="0" hostname="Gangotri" name="testClasses.Pass_Uer_Pass" tests="1" failures="0" timestamp="23 Jul 2022 08:42:38 GMT" time="0.325" errors="0">
  <testcase name="UsernamePass" time="0.325" classname="testClasses.Pass_Uer_Pass"/>
</testsuite> <!-- testClasses.Pass_Uer_Pass -->
