<?xml version="1.0" encoding="UTF-8"?>
<!-- Generated by org.testng.reporters.JUnitReportReporter -->
<testsuite skipped="0" hostname="Gangotri" name="testClasses.SellShareStopLossPrice2" tests="1" failures="0" timestamp="23 Jul 2022 14:43:28 GMT" time="48.240" errors="0">
  <testcase name="ShareSell" time="48.240" classname="testClasses.SellShareStopLossPrice2"/>
</testsuite> <!-- testClasses.SellShareStopLossPrice2 -->
