<?xml version="1.0" encoding="UTF-8"?>
<!-- Generated by org.testng.reporters.JUnitReportReporter -->
<testsuite skipped="0" hostname="Gangotri" name="testClasses.IntadayFirstBuyThenSell" tests="1" failures="0" timestamp="23 Jul 2022 15:00:47 GMT" time="53.321" errors="0">
  <testcase name="ShareBuy" time="53.321" classname="testClasses.IntadayFirstBuyThenSell"/>
</testsuite> <!-- testClasses.IntadayFirstBuyThenSell -->
