<?xml version="1.0" encoding="UTF-8"?>
<!-- Generated by org.testng.reporters.JUnitReportReporter -->
<testsuite skipped="0" hostname="Gangotri" name="testClasses.BuyShareStopLossMarketPrice" tests="1" failures="0" timestamp="22 Jul 2022 13:32:14 GMT" time="40.400" errors="0">
  <testcase name="ShareBuy" time="40.400" classname="testClasses.BuyShareStopLossMarketPrice"/>
</testsuite> <!-- testClasses.BuyShareStopLossMarketPrice -->
