<?xml version="1.0" encoding="UTF-8"?>
<!-- Generated by org.testng.reporters.JUnitReportReporter -->
<testsuite skipped="0" hostname="Gangotri" name="testClasses.SellShareMarketOrder" tests="1" failures="0" timestamp="23 Jul 2022 14:24:39 GMT" time="50.780" errors="0">
  <testcase name="ShareSell" time="50.780" classname="testClasses.SellShareMarketOrder"/>
</testsuite> <!-- testClasses.SellShareMarketOrder -->
