<?xml version="1.0" encoding="UTF-8"?>
<!-- Generated by org.testng.reporters.JUnitReportReporter -->
<testsuite skipped="0" hostname="Gangotri" name="testClasses.IntadayFirstSellThenBuy" tests="1" failures="0" timestamp="23 Jul 2022 15:08:24 GMT" time="54.109" errors="0">
  <testcase name="ShareBuy" time="54.109" classname="testClasses.IntadayFirstSellThenBuy"/>
</testsuite> <!-- testClasses.IntadayFirstSellThenBuy -->
