<?xml version="1.0" encoding="UTF-8"?>
<!-- Generated by org.testng.reporters.JUnitReportReporter -->
<testsuite skipped="0" hostname="Gangotri" name="testClasses.BuyShareLimitPrice" tests="1" failures="0" timestamp="23 Jul 2022 09:57:36 GMT" time="41.325" errors="0">
  <testcase name="ShareBuy" time="41.325" classname="testClasses.BuyShareLimitPrice"/>
</testsuite> <!-- testClasses.BuyShareLimitPrice -->
